[2024-07-06 17:13:22] Feature development and testing - Session #1 - 686aaeb21d56e
[2024-07-06 17:13:22] Code review and cleanup - Session #2 - 686aaeb21eefb
[2024-07-06 17:13:22] Feature development and testing - Session #3 - 686aaeb2206ad
[2024-07-06 17:13:22] Security improvements - Session #4 - 686aaeb2224d6
[2024-07-07 17:13:22] Performance enhancements - Session #5 - 686aaeb224014
[2024-07-07 17:13:22] Security improvements - Session #6 - 686aaeb22598b
[2024-07-08 17:13:22] Security improvements - Session #7 - 686aaeb227209
[2024-07-08 17:13:22] Code optimization and refactoring - Session #8 - 686aaeb228a90
[2024-07-09 17:13:22] Bug fixes and improvements - Session #9 - 686aaeb22a237
[2024-07-09 17:13:22] Code review and cleanup - Session #10 - 686aaeb22b924
[2024-07-10 17:13:22] Documentation updates - Session #11 - 686aaeb22d941
[2024-07-10 17:13:22] Performance enhancements - Session #12 - 686aaeb22f88f
[2024-07-11 17:13:22] Performance enhancements - Session #13 - 686aaeb231357
[2024-07-11 17:13:22] Bug fixes and improvements - Session #14 - 686aaeb232b07
[2024-07-12 17:13:22] Performance enhancements - Session #15 - 686aaeb2342d5
[2024-07-12 17:13:22] Security improvements - Session #16 - 686aaeb2359ef
[2024-07-12 17:13:22] Security improvements - Session #17 - 686aaeb237209
[2024-07-12 17:13:22] Code optimization and refactoring - Session #18 - 686aaeb238b1a
[2024-07-15 17:13:22] Feature development and testing - Session #19 - 686aaeb23a387
[2024-07-16 17:13:22] Code optimization and refactoring - Session #20 - 686aaeb23bcc0
[2024-07-17 17:13:22] Bug fixes and improvements - Session #21 - 686aaeb23d9cf
[2024-07-17 17:13:22] Documentation updates - Session #22 - 686aaeb23f80c
[2024-07-17 17:13:22] Performance enhancements - Session #23 - 686aaeb241119
[2024-07-17 17:13:22] Code review and cleanup - Session #24 - 686aaeb2429c3
[2024-07-17 17:13:22] Documentation updates - Session #25 - 686aaeb2446c0
[2024-07-17 17:13:22] Performance enhancements - Session #26 - 686aaeb2464f7
[2024-07-17 17:13:22] Bug fixes and improvements - Session #27 - 686aaeb2486d0
[2024-07-17 17:13:22] Code review and cleanup - Session #28 - 686aaeb24a661
[2024-07-18 17:13:22] Bug fixes and improvements - Session #29 - 686aaeb24c41e
[2024-07-18 17:13:22] Feature development and testing - Session #30 - 686aaeb24dd9c
[2024-07-18 17:13:22] Code review and cleanup - Session #31 - 686aaeb24fa8b
[2024-07-18 17:13:22] Bug fixes and improvements - Session #32 - 686aaeb251451
[2024-07-18 17:13:22] Security improvements - Session #33 - 686aaeb252d7b
[2024-07-18 17:13:22] Performance enhancements - Session #34 - 686aaeb2544e7
[2024-07-18 17:13:22] Feature development and testing - Session #35 - 686aaeb255cc2
[2024-07-19 17:13:22] Feature development and testing - Session #36 - 686aaeb25744c
[2024-07-20 17:13:22] Security improvements - Session #37 - 686aaeb259162
[2024-07-20 17:13:22] Code review and cleanup - Session #38 - 686aaeb25abb3
[2024-07-22 17:13:22] Code optimization and refactoring - Session #39 - 686aaeb25c410
[2024-07-22 17:13:22] Code review and cleanup - Session #40 - 686aaeb25dbd7
[2024-07-22 17:13:22] UI/UX enhancements - Session #41 - 686aaeb25f25c
[2024-07-22 17:13:22] UI/UX enhancements - Session #42 - 686aaeb2609ea
[2024-07-23 17:13:22] Documentation updates - Session #43 - 686aaeb2621b1
[2024-07-24 17:13:22] UI/UX enhancements - Session #44 - 686aaeb264054
[2024-07-24 17:13:22] UI/UX enhancements - Session #45 - 686aaeb265bab
[2024-07-25 17:13:22] UI/UX enhancements - Session #46 - 686aaeb267405
[2024-07-26 17:13:22] Code optimization and refactoring - Session #47 - 686aaeb268dd4
[2024-07-26 17:13:22] Security improvements - Session #48 - 686aaeb26a4d1
[2024-07-26 17:13:22] Feature development and testing - Session #49 - 686aaeb26bc69
[2024-07-29 17:13:22] UI/UX enhancements - Session #50 - 686aaeb26d54b
[2024-07-29 17:13:22] UI/UX enhancements - Session #51 - 686aaeb26edf8
[2024-07-30 17:13:22] UI/UX enhancements - Session #52 - 686aaeb270784
